<?xml version="1.0" encoding="UTF-8"?>
<testng-results ignored="0" total="1" passed="1" failed="0" skipped="0">
  <reporter-output>
  </reporter-output>
  <suite started-at="2022-03-12T02:50:48 IST" name="Default suite" finished-at="2022-03-12T02:51:28 IST" duration-ms="40073">
    <groups>
    </groups>
    <test started-at="2022-03-12T02:50:48 IST" name="Default test" finished-at="2022-03-12T02:51:28 IST" duration-ms="40073">
      <class name="com.assessment.test.Q2">
        <test-method is-config="true" signature="setup()[pri:0, instance:com.assessment.test.Q2@6e4784bc]" started-at="2022-03-12T02:50:48 IST" name="setup" finished-at="2022-03-12T02:51:13 IST" duration-ms="24768" status="PASS">
          <reporter-output>
          </reporter-output>
        </test-method> <!-- setup -->
        <test-method signature="verifyLoanAmountFor1Year()[pri:1, instance:com.assessment.test.Q2@6e4784bc]" started-at="2022-03-12T02:51:13 IST" name="verifyLoanAmountFor1Year" finished-at="2022-03-12T02:51:26 IST" duration-ms="13625" status="PASS">
          <reporter-output>
          </reporter-output>
        </test-method> <!-- verifyLoanAmountFor1Year -->
        <test-method is-config="true" signature="quit()[pri:0, instance:com.assessment.test.Q2@6e4784bc]" started-at="2022-03-12T02:51:26 IST" name="quit" finished-at="2022-03-12T02:51:28 IST" duration-ms="1633" status="PASS">
          <reporter-output>
          </reporter-output>
        </test-method> <!-- quit -->
      </class> <!-- com.assessment.test.Q2 -->
    </test> <!-- Default test -->
  </suite> <!-- Default suite -->
</testng-results>
